#
# A fatal error has been detected by the Java Runtime Environment:
#
#  EXCEPTION_ACCESS_VIOLATION (0xc0000005) at pc=0x00007ffa19072249, pid=3048, tid=0x0000000000001840
#
# JRE version: Java(TM) SE Runtime Environment (8.0_231-b11) (build 1.8.0_231-b11)
# Java VM: Java HotSpot(TM) 64-Bit Server VM (25.231-b11 mixed mode windows-amd64 compressed oops)
# Problematic frame:
# C  [awt.dll+0x92249]
#
# Failed to write core dump. Minidumps are not enabled by default on client versions of Windows
#
# If you would like to submit a bug report, please visit:
#   http://bugreport.java.com/bugreport/crash.jsp
# The crash happened outside the Java Virtual Machine in native code.
# See problematic frame for where to report the bug.
#

---------------  T H R E A D  ---------------

Current thread (0x00000000192a7000):  JavaThread "AWT-Windows" daemon [_thread_in_native, id=6208, stack(0x0000000019850000,0x0000000019950000)]

siginfo: ExceptionCode=0xc0000005, reading address 0xffffffffffffffff

Registers:
RAX=0x3356f77000210007, RBX=0x0000000000000000, RCX=0x3356f77000210007, RDX=0x00007ffa190cbb90
RSP=0x000000001994eb80, RBP=0x000000001994ec39, RSI=0x0000000000000111, RDI=0x00000000192a71f8
R8 =0x0000000000000000, R9 =0x0000000000000000, R10=0x00007ffa190e9e88, R11=0x0000000000000001
R12=0x000000001a301980, R13=0x000000000000010d, R14=0x000000000000a220, R15=0x0000000000000000
RIP=0x00007ffa19072249, EFLAGS=0x0000000000010202

Top of Stack: (sp=0x000000001994eb80)
0x000000001994eb80:   0000000000000000 0000000000000000
0x000000001994eb90:   000000000000c2d6 00007ffa423bd866
0x000000001994eba0:   000000001a301a20 00007ffa1907478e
0x000000001994ebb0:   000000001a301a20 0000000000000111
0x000000001994ebc0:   0000000000000000 0000000002ab8c3b
0x000000001994ebd0:   000000000000c2d6 000000001994eea0
0x000000001994ebe0:   0000000000000001 00000000001806c2
0x000000001994ebf0:   0000000000000000 0000000000000000
0x000000001994ec00:   0000157c00000001 0000000000000000
0x000000001994ec10:   000000000000c2d6 00000000192a71f8
0x000000001994ec20:   fffffffffffffffe 000000001a301a20
0x000000001994ec30:   000000001994ef70 00007ffa52606b22
0x000000001994ec40:   0000f2a05f3e0635 0000000000000001
0x000000001994ec50:   0000000000000000 0000000000000000
0x000000001994ec60:   0000000000000000 0000000000000111
0x000000001994ec70:   000000000000a220 000000000000a220 

Instructions: (pc=0x00007ffa19072249)
0x00007ffa19072229:   4d 85 c0 75 23 48 8d 0d 9b df 0b 00 e8 16 8f 03
0x00007ffa19072239:   00 48 8b c8 48 85 c0 75 07 b8 02 00 00 00 eb 29
0x00007ffa19072249:   48 8b 00 ff 50 10 eb f1 49 8b c8 e8 ef e8 ff ff
0x00007ffa19072259:   48 85 c0 74 0f 4c 8b 00 8b d3 48 8b c8 41 ff 90 


Register to memory mapping:

RAX=0x3356f77000210007 is an unknown value
RBX=0x0000000000000000 is an unknown value
RCX=0x3356f77000210007 is an unknown value
RDX=0x00007ffa190cbb90 is an unknown value
RSP=0x000000001994eb80 is pointing into the stack for thread: 0x00000000192a7000
RBP=0x000000001994ec39 is pointing into the stack for thread: 0x00000000192a7000
RSI=0x0000000000000111 is an unknown value
RDI=0x00000000192a71f8 is an unknown value
R8 =0x0000000000000000 is an unknown value
R9 =0x0000000000000000 is an unknown value
R10=0x00007ffa190e9e88 is an unknown value
R11=0x0000000000000001 is an unknown value
R12=0x000000001a301980 is an unknown value
R13=0x000000000000010d is an unknown value
R14=0x000000000000a220 is an unknown value
R15=0x0000000000000000 is an unknown value


Stack: [0x0000000019850000,0x0000000019950000],  sp=0x000000001994eb80,  free space=1018k
Native frames: (J=compiled Java code, j=interpreted, Vv=VM code, C=native code)
C  [awt.dll+0x92249]
C  [awt.dll+0x9478e]
C  [awt.dll+0xd4b3d]
C  [awt.dll+0xa82e3]
C  [awt.dll+0x90c1a]
C  [USER32.dll+0x16821]
C  [USER32.dll+0x163eb]
C  [awt.dll+0x15170]
C  [COMCTL32.dll+0x2d9c7]
C  [COMCTL32.dll+0x2d802]
C  [USER32.dll+0x16821]
C  [USER32.dll+0x161f3]
C  [awt.dll+0xcd59c]
C  [awt.dll+0xcd84b]
C  0x0000000002ab8c67

Java frames: (J=compiled Java code, j=interpreted, Vv=VM code)
j  sun.awt.windows.WToolkit.eventLoop()V+0
j  sun.awt.windows.WToolkit.run()V+58
j  java.lang.Thread.run()V+11
v  ~StubRoutines::call_stub

---------------  P R O C E S S  ---------------

Java Threads: ( => current thread )
  0x0000000019f4b800 JavaThread "TimerQueue" daemon [_thread_blocked, id=7044, stack(0x000000001d4c0000,0x000000001d5c0000)]
  0x0000000000b3d800 JavaThread "DestroyJavaVM" [_thread_blocked, id=19076, stack(0x00000000027b0000,0x00000000028b0000)]
  0x0000000019fca800 JavaThread "AWT-EventQueue-0" [_thread_blocked, id=18280, stack(0x000000001ccc0000,0x000000001cdc0000)]
  0x000000001a20a800 JavaThread "AWT-Shutdown" [_thread_blocked, id=15644, stack(0x000000001c9c0000,0x000000001cac0000)]
=>0x00000000192a7000 JavaThread "AWT-Windows" daemon [_thread_in_native, id=6208, stack(0x0000000019850000,0x0000000019950000)]
  0x0000000019254800 JavaThread "Java2D Disposer" daemon [_thread_blocked, id=8044, stack(0x0000000019650000,0x0000000019750000)]
  0x00000000175ce000 JavaThread "Service Thread" daemon [_thread_blocked, id=18152, stack(0x00000000192f0000,0x00000000193f0000)]
  0x000000001757d000 JavaThread "C1 CompilerThread2" daemon [_thread_blocked, id=15304, stack(0x0000000018df0000,0x0000000018ef0000)]
  0x0000000017571000 JavaThread "C2 CompilerThread1" daemon [_thread_blocked, id=7076, stack(0x0000000018cf0000,0x0000000018df0000)]
  0x000000001756c800 JavaThread "C2 CompilerThread0" daemon [_thread_blocked, id=8004, stack(0x0000000018bf0000,0x0000000018cf0000)]
  0x000000001756b000 JavaThread "Attach Listener" daemon [_thread_blocked, id=15020, stack(0x0000000018af0000,0x0000000018bf0000)]
  0x000000001756a000 JavaThread "Signal Dispatcher" daemon [_thread_blocked, id=11064, stack(0x00000000189f0000,0x0000000018af0000)]
  0x0000000002a9b000 JavaThread "Finalizer" daemon [_thread_blocked, id=12300, stack(0x00000000187e0000,0x00000000188e0000)]
  0x0000000002a90000 JavaThread "Reference Handler" daemon [_thread_blocked, id=2224, stack(0x00000000186e0000,0x00000000187e0000)]

Other Threads:
  0x0000000017538000 VMThread [stack: 0x00000000185e0000,0x00000000186e0000] [id=15684]
  0x0000000018f23000 WatcherThread [stack: 0x00000000193f0000,0x00000000194f0000] [id=11448]

VM state:not at safepoint (normal execution)

VM Mutex/Monitor currently owned by a thread: None

heap address: 0x0000000082200000, size: 2014 MB, Compressed Oops mode: 32-bit
Narrow klass base: 0x0000000000000000, Narrow klass shift: 3
Compressed class space size: 1073741824 Address: 0x0000000100000000

Heap:
 PSYoungGen      total 37888K, used 1196K [0x00000000d6100000, 0x00000000da680000, 0x0000000100000000)
  eden space 32768K, 3% used [0x00000000d6100000,0x00000000d622b248,0x00000000d8100000)
  from space 5120K, 0% used [0x00000000d8100000,0x00000000d8100000,0x00000000d8600000)
  to   space 5120K, 0% used [0x00000000da180000,0x00000000da180000,0x00000000da680000)
 ParOldGen       total 74752K, used 13129K [0x0000000082200000, 0x0000000086b00000, 0x00000000d6100000)
  object space 74752K, 17% used [0x0000000082200000,0x0000000082ed2660,0x0000000086b00000)
 Metaspace       used 19909K, capacity 20370K, committed 21296K, reserved 1067008K
  class space    used 2747K, capacity 2882K, committed 3456K, reserved 1048576K

Card table byte_map: [0x0000000011e60000,0x0000000012250000] byte_map_base: 0x0000000011a4f000

Marking Bits: (ParMarkBitMap*) 0x000000006a2d6d90
 Begin Bits: [0x00000000128f0000, 0x0000000014868000)
 End Bits:   [0x0000000014868000, 0x00000000167e0000)

Polling page: 0x00000000007f0000

CodeCache: size=245760Kb used=7108Kb max_used=7108Kb free=238651Kb
 bounds [0x0000000002aa0000, 0x00000000031a0000, 0x0000000011aa0000]
 total_blobs=2756 nmethods=2163 adapters=505
 compilation: enabled

Compilation events (10 events):
Event: 14151.653 Thread 0x000000001757d000 2158       3       java.util.HashMap$EntryIterator::next (5 bytes)
Event: 14151.653 Thread 0x000000001757d000 nmethod 2158 0x00000000031924d0 code [0x0000000003192640, 0x0000000003192848]
Event: 14151.684 Thread 0x000000001757d000 2160       3       jdk.internal.org.objectweb.asm.Label::resolve (214 bytes)
Event: 14151.686 Thread 0x000000001757d000 nmethod 2160 0x00000000031928d0 code [0x0000000003192a60, 0x0000000003192f30]
Event: 14151.689 Thread 0x000000001757d000 2161       3       jdk.internal.org.objectweb.asm.AnnotationWriter::<init> (34 bytes)
Event: 14151.690 Thread 0x000000001757d000 nmethod 2161 0x0000000003193390 code [0x0000000003193500, 0x0000000003193788]
Event: 14151.692 Thread 0x000000001757d000 2162       3       jdk.internal.org.objectweb.asm.AnnotationVisitor::<init> (7 bytes)
Event: 14151.693 Thread 0x000000001757d000 nmethod 2162 0x0000000003193890 code [0x0000000003193a20, 0x0000000003193d88]
Event: 14152.408 Thread 0x000000001757d000 2163   !   3       java.awt.Toolkit::setDesktopProperty (81 bytes)
Event: 14152.413 Thread 0x000000001757d000 nmethod 2163 0x0000000003193f10 code [0x0000000003194140, 0x0000000003195048]

GC Heap History (8 events):
Event: 2.595 GC heap before
{Heap before GC invocations=1 (full 0):
 PSYoungGen      total 37888K, used 32768K [0x00000000d6100000, 0x00000000d8b00000, 0x0000000100000000)
  eden space 32768K, 100% used [0x00000000d6100000,0x00000000d8100000,0x00000000d8100000)
  from space 5120K, 0% used [0x00000000d8600000,0x00000000d8600000,0x00000000d8b00000)
  to   space 5120K, 0% used [0x00000000d8100000,0x00000000d8100000,0x00000000d8600000)
 ParOldGen       total 86016K, used 0K [0x0000000082200000, 0x0000000087600000, 0x00000000d6100000)
  object space 86016K, 0% used [0x0000000082200000,0x0000000082200000,0x0000000087600000)
 Metaspace       used 14578K, capacity 15506K, committed 15616K, reserved 1062912K
  class space    used 2030K, capacity 2559K, committed 2560K, reserved 1048576K
Event: 2.624 GC heap after
Heap after GC invocations=1 (full 0):
 PSYoungGen      total 37888K, used 5089K [0x00000000d6100000, 0x00000000dab00000, 0x0000000100000000)
  eden space 32768K, 0% used [0x00000000d6100000,0x00000000d6100000,0x00000000d8100000)
  from space 5120K, 99% used [0x00000000d8100000,0x00000000d85f84c8,0x00000000d8600000)
  to   space 5120K, 0% used [0x00000000da600000,0x00000000da600000,0x00000000dab00000)
 ParOldGen       total 86016K, used 614K [0x0000000082200000, 0x0000000087600000, 0x00000000d6100000)
  object space 86016K, 0% used [0x0000000082200000,0x0000000082299990,0x0000000087600000)
 Metaspace       used 14578K, capacity 15506K, committed 15616K, reserved 1062912K
  class space    used 2030K, capacity 2559K, committed 2560K, reserved 1048576K
}
Event: 4.154 GC heap before
{Heap before GC invocations=2 (full 0):
 PSYoungGen      total 37888K, used 37588K [0x00000000d6100000, 0x00000000dab00000, 0x0000000100000000)
  eden space 32768K, 99% used [0x00000000d6100000,0x00000000d80bcec0,0x00000000d8100000)
  from space 5120K, 99% used [0x00000000d8100000,0x00000000d85f84c8,0x00000000d8600000)
  to   space 5120K, 0% used [0x00000000da600000,0x00000000da600000,0x00000000dab00000)
 ParOldGen       total 86016K, used 614K [0x0000000082200000, 0x0000000087600000, 0x00000000d6100000)
  object space 86016K, 0% used [0x0000000082200000,0x0000000082299990,0x0000000087600000)
 Metaspace       used 17990K, capacity 18926K, committed 19200K, reserved 1064960K
  class space    used 2536K, capacity 3050K, committed 3072K, reserved 1048576K
Event: 4.167 GC heap after
Heap after GC invocations=2 (full 0):
 PSYoungGen      total 37888K, used 5088K [0x00000000d6100000, 0x00000000dab00000, 0x0000000100000000)
  eden space 32768K, 0% used [0x00000000d6100000,0x00000000d6100000,0x00000000d8100000)
  from space 5120K, 99% used [0x00000000da600000,0x00000000daaf82d0,0x00000000dab00000)
  to   space 5120K, 0% used [0x00000000d8100000,0x00000000d8100000,0x00000000d8600000)
 ParOldGen       total 86016K, used 6215K [0x0000000082200000, 0x0000000087600000, 0x00000000d6100000)
  object space 86016K, 7% used [0x0000000082200000,0x0000000082811ef0,0x0000000087600000)
 Metaspace       used 17990K, capacity 18926K, committed 19200K, reserved 1064960K
  class space    used 2536K, capacity 3050K, committed 3072K, reserved 1048576K
}
Event: 10.991 GC heap before
{Heap before GC invocations=3 (full 0):
 PSYoungGen      total 37888K, used 19366K [0x00000000d6100000, 0x00000000dab00000, 0x0000000100000000)
  eden space 32768K, 43% used [0x00000000d6100000,0x00000000d6ef1780,0x00000000d8100000)
  from space 5120K, 99% used [0x00000000da600000,0x00000000daaf82d0,0x00000000dab00000)
  to   space 5120K, 0% used [0x00000000d8100000,0x00000000d8100000,0x00000000d8600000)
 ParOldGen       total 86016K, used 6215K [0x0000000082200000, 0x0000000087600000, 0x00000000d6100000)
  object space 86016K, 7% used [0x0000000082200000,0x0000000082811ef0,0x0000000087600000)
 Metaspace       used 20099K, capacity 21032K, committed 21296K, reserved 1067008K
  class space    used 2829K, capacity 3382K, committed 3456K, reserved 1048576K
Event: 11.000 GC heap after
Heap after GC invocations=3 (full 0):
 PSYoungGen      total 37888K, used 5088K [0x00000000d6100000, 0x00000000da680000, 0x0000000100000000)
  eden space 32768K, 0% used [0x00000000d6100000,0x00000000d6100000,0x00000000d8100000)
  from space 5120K, 99% used [0x00000000d8100000,0x00000000d85f82d0,0x00000000d8600000)
  to   space 5120K, 0% used [0x00000000da180000,0x00000000da180000,0x00000000da680000)
 ParOldGen       total 86016K, used 15414K [0x0000000082200000, 0x0000000087600000, 0x00000000d6100000)
  object space 86016K, 17% used [0x0000000082200000,0x000000008310da68,0x0000000087600000)
 Metaspace       used 20099K, capacity 21032K, committed 21296K, reserved 1067008K
  class space    used 2829K, capacity 3382K, committed 3456K, reserved 1048576K
}
Event: 11.000 GC heap before
{Heap before GC invocations=4 (full 1):
 PSYoungGen      total 37888K, used 5088K [0x00000000d6100000, 0x00000000da680000, 0x0000000100000000)
  eden space 32768K, 0% used [0x00000000d6100000,0x00000000d6100000,0x00000000d8100000)
  from space 5120K, 99% used [0x00000000d8100000,0x00000000d85f82d0,0x00000000d8600000)
  to   space 5120K, 0% used [0x00000000da180000,0x00000000da180000,0x00000000da680000)
 ParOldGen       total 86016K, used 15414K [0x0000000082200000, 0x0000000087600000, 0x00000000d6100000)
  object space 86016K, 17% used [0x0000000082200000,0x000000008310da68,0x0000000087600000)
 Metaspace       used 20099K, capacity 21032K, committed 21296K, reserved 1067008K
  class space    used 2829K, capacity 3382K, committed 3456K, reserved 1048576K
Event: 11.080 GC heap after
Heap after GC invocations=4 (full 1):
 PSYoungGen      total 37888K, used 0K [0x00000000d6100000, 0x00000000da680000, 0x0000000100000000)
  eden space 32768K, 0% used [0x00000000d6100000,0x00000000d6100000,0x00000000d8100000)
  from space 5120K, 0% used [0x00000000d8100000,0x00000000d8100000,0x00000000d8600000)
  to   space 5120K, 0% used [0x00000000da180000,0x00000000da180000,0x00000000da680000)
 ParOldGen       total 74752K, used 13129K [0x0000000082200000, 0x0000000086b00000, 0x00000000d6100000)
  object space 74752K, 17% used [0x0000000082200000,0x0000000082ed2660,0x0000000086b00000)
 Metaspace       used 19884K, capacity 20286K, committed 21296K, reserved 1067008K
  class space    used 2740K, capacity 2876K, committed 3456K, reserved 1048576K
}

Deoptimization events (10 events):
Event: 3.686 Thread 0x0000000000b3d800 Uncommon trap: reason=unstable_if action=reinterpret pc=0x0000000002e51c50 method=sun.awt.image.ByteInterleavedRaster.putByteData(IIII[B)V @ 395
Event: 3.887 Thread 0x00000000192a7000 Uncommon trap: reason=class_check action=maybe_recompile pc=0x0000000002e395d8 method=java.util.HashMap.putVal(ILjava/lang/Object;Ljava/lang/Object;ZZ)Ljava/lang/Object; @ 203
Event: 3.888 Thread 0x00000000192a7000 Uncommon trap: reason=class_check action=maybe_recompile pc=0x0000000002e395d8 method=java.util.HashMap.putVal(ILjava/lang/Object;Ljava/lang/Object;ZZ)Ljava/lang/Object; @ 203
Event: 3.888 Thread 0x00000000192a7000 Uncommon trap: reason=class_check action=maybe_recompile pc=0x0000000002e395d8 method=java.util.HashMap.putVal(ILjava/lang/Object;Ljava/lang/Object;ZZ)Ljava/lang/Object; @ 203
Event: 4.067 Thread 0x0000000000b3d800 Uncommon trap: reason=class_check action=maybe_recompile pc=0x0000000002c391d4 method=java.lang.String.equals(Ljava/lang/Object;)Z @ 8
Event: 4.078 Thread 0x0000000000b3d800 Uncommon trap: reason=class_check action=maybe_recompile pc=0x0000000002c391d4 method=java.lang.String.equals(Ljava/lang/Object;)Z @ 8
Event: 4.078 Thread 0x0000000000b3d800 Uncommon trap: reason=class_check action=maybe_recompile pc=0x0000000002c391d4 method=java.lang.String.equals(Ljava/lang/Object;)Z @ 8
Event: 4.078 Thread 0x0000000000b3d800 Uncommon trap: reason=class_check action=maybe_recompile pc=0x0000000002c391d4 method=java.lang.String.equals(Ljava/lang/Object;)Z @ 8
Event: 8.399 Thread 0x0000000019fca800 Uncommon trap: reason=predicate action=maybe_recompile pc=0x0000000002fe3684 method=java.lang.String.regionMatches(ZILjava/lang/String;II)Z @ 63
Event: 9.138 Thread 0x0000000019fca800 Uncommon trap: reason=unstable_if action=reinterpret pc=0x000000000307713c method=java.lang.SecurityManager.checkPackageAccess(Ljava/lang/String;)V @ 113

Classes redefined (0 events):
No events

Internal exceptions (10 events):
Event: 4.260 Thread 0x0000000000b3d800 Exception <a 'java/io/FileNotFoundException'> (0x00000000d65acb68) thrown at [C:\re\workspace\8-2-build-windows-amd64-cygwin\jdk8u231\13620\hotspot\src\share\vm\prims\jni.cpp, line 710]
Event: 4.261 Thread 0x0000000000b3d800 Exception <a 'java/io/FileNotFoundException'> (0x00000000d65b0600) thrown at [C:\re\workspace\8-2-build-windows-amd64-cygwin\jdk8u231\13620\hotspot\src\share\vm\prims\jni.cpp, line 710]
Event: 4.263 Thread 0x0000000000b3d800 Exception <a 'java/io/FileNotFoundException'> (0x00000000d65bc890) thrown at [C:\re\workspace\8-2-build-windows-amd64-cygwin\jdk8u231\13620\hotspot\src\share\vm\prims\jni.cpp, line 710]
Event: 4.264 Thread 0x0000000000b3d800 Exception <a 'java/io/FileNotFoundException'> (0x00000000d65bdd98) thrown at [C:\re\workspace\8-2-build-windows-amd64-cygwin\jdk8u231\13620\hotspot\src\share\vm\prims\jni.cpp, line 710]
Event: 4.266 Thread 0x0000000000b3d800 Exception <a 'java/io/FileNotFoundException'> (0x00000000d65c1860) thrown at [C:\re\workspace\8-2-build-windows-amd64-cygwin\jdk8u231\13620\hotspot\src\share\vm\prims\jni.cpp, line 710]
Event: 4.289 Thread 0x0000000000b3d800 Exception <a 'java/io/FileNotFoundException'> (0x00000000d6613ae8) thrown at [C:\re\workspace\8-2-build-windows-amd64-cygwin\jdk8u231\13620\hotspot\src\share\vm\prims\jni.cpp, line 710]
Event: 4.290 Thread 0x0000000000b3d800 Exception <a 'java/io/FileNotFoundException'> (0x00000000d6615150) thrown at [C:\re\workspace\8-2-build-windows-amd64-cygwin\jdk8u231\13620\hotspot\src\share\vm\prims\jni.cpp, line 710]
Event: 4.291 Thread 0x0000000000b3d800 Exception <a 'java/io/FileNotFoundException'> (0x00000000d6621e50) thrown at [C:\re\workspace\8-2-build-windows-amd64-cygwin\jdk8u231\13620\hotspot\src\share\vm\prims\jni.cpp, line 710]
Event: 4.297 Thread 0x0000000000b3d800 Exception <a 'java/io/FileNotFoundException'> (0x00000000d6657cf8) thrown at [C:\re\workspace\8-2-build-windows-amd64-cygwin\jdk8u231\13620\hotspot\src\share\vm\prims\jni.cpp, line 710]
Event: 4.333 Thread 0x0000000000b3d800 Exception <a 'java/io/FileNotFoundException'> (0x00000000d66f26e0) thrown at [C:\re\workspace\8-2-build-windows-amd64-cygwin\jdk8u231\13620\hotspot\src\share\vm\prims\jni.cpp, line 710]

Events (10 events):
Event: 11.150 Executing VM operation: RevokeBias
Event: 11.150 Executing VM operation: RevokeBias done
Event: 11.150 Executing VM operation: RevokeBias
Event: 11.150 Executing VM operation: RevokeBias done
Event: 11.150 Executing VM operation: RevokeBias
Event: 11.150 Executing VM operation: RevokeBias done
Event: 11.150 Executing VM operation: RevokeBias
Event: 11.151 Executing VM operation: RevokeBias done
Event: 14153.999 loading class javax/swing/RepaintManager$DisplayChangedRunnable
Event: 14154.000 loading class javax/swing/RepaintManager$DisplayChangedRunnable done


Dynamic libraries:
0x00007ff71c450000 - 0x00007ff71c487000 	C:\Program Files\Java\jre1.8.0_231\bin\javaw.exe
0x00007ffa55060000 - 0x00007ffa55241000 	C:\Windows\SYSTEM32\ntdll.dll
0x00007ffa54f70000 - 0x00007ffa55021000 	C:\Windows\System32\KERNEL32.DLL
0x00007ffa52190000 - 0x00007ffa52403000 	C:\Windows\System32\KERNELBASE.dll
0x00007ffa524e0000 - 0x00007ffa52581000 	C:\Windows\System32\ADVAPI32.dll
0x00007ffa54c60000 - 0x00007ffa54cfe000 	C:\Windows\System32\msvcrt.dll
0x00007ffa52590000 - 0x00007ffa525eb000 	C:\Windows\System32\sechost.dll
0x00007ffa52a50000 - 0x00007ffa52b74000 	C:\Windows\System32\RPCRT4.dll
0x00007ffa525f0000 - 0x00007ffa52780000 	C:\Windows\System32\USER32.dll
0x00007ffa52410000 - 0x00007ffa52430000 	C:\Windows\System32\win32u.dll
0x00007ffa54330000 - 0x00007ffa54358000 	C:\Windows\System32\GDI32.dll
0x00007ffa51420000 - 0x00007ffa515b1000 	C:\Windows\System32\gdi32full.dll
0x00007ffa51d80000 - 0x00007ffa51e1f000 	C:\Windows\System32\msvcp_win.dll
0x00007ffa52090000 - 0x00007ffa52188000 	C:\Windows\System32\ucrtbase.dll
0x00007ffa42390000 - 0x00007ffa425f9000 	C:\Windows\WinSxS\amd64_microsoft.windows.common-controls_6595b64144ccf1df_6.0.17134.1246_none_d3ffb9d77c90723d\COMCTL32.dll
0x00007ffa52b80000 - 0x00007ffa52ea1000 	C:\Windows\System32\combase.dll
0x00007ffa51e20000 - 0x00007ffa51e99000 	C:\Windows\System32\bcryptPrimitives.dll
0x00007ffa54f30000 - 0x00007ffa54f5d000 	C:\Windows\System32\IMM32.DLL
0x000000006aa20000 - 0x000000006aaf2000 	C:\Program Files\Java\jre1.8.0_231\bin\msvcr100.dll
0x0000000069ab0000 - 0x000000006a356000 	C:\Program Files\Java\jre1.8.0_231\bin\server\jvm.dll
0x00007ffa54300000 - 0x00007ffa54308000 	C:\Windows\System32\PSAPI.DLL
0x00007ffa4b600000 - 0x00007ffa4b609000 	C:\Windows\SYSTEM32\WSOCK32.dll
0x00007ffa54450000 - 0x00007ffa544bc000 	C:\Windows\System32\WS2_32.dll
0x00007ffa45af0000 - 0x00007ffa45b13000 	C:\Windows\SYSTEM32\WINMM.dll
0x00007ffa4ff50000 - 0x00007ffa4ff5a000 	C:\Windows\SYSTEM32\VERSION.dll
0x00007ffa45ab0000 - 0x00007ffa45ada000 	C:\Windows\SYSTEM32\WINMMBASE.dll
0x00007ffa51d30000 - 0x00007ffa51d79000 	C:\Windows\System32\cfgmgr32.dll
0x00007ffa48d60000 - 0x00007ffa48d6f000 	C:\Program Files\Java\jre1.8.0_231\bin\verify.dll
0x00007ffa338a0000 - 0x00007ffa338c9000 	C:\Program Files\Java\jre1.8.0_231\bin\java.dll
0x00007ffa47930000 - 0x00007ffa47946000 	C:\Program Files\Java\jre1.8.0_231\bin\zip.dll
0x00007ffa52eb0000 - 0x00007ffa542f5000 	C:\Windows\System32\SHELL32.dll
0x00007ffa54d00000 - 0x00007ffa54da9000 	C:\Windows\System32\shcore.dll
0x00007ffa51620000 - 0x00007ffa51d30000 	C:\Windows\System32\windows.storage.dll
0x00007ffa54910000 - 0x00007ffa54961000 	C:\Windows\System32\shlwapi.dll
0x00007ffa51360000 - 0x00007ffa51371000 	C:\Windows\System32\kernel.appcore.dll
0x00007ffa51380000 - 0x00007ffa5139f000 	C:\Windows\System32\profapi.dll
0x00007ffa513a0000 - 0x00007ffa513ec000 	C:\Windows\System32\powrprof.dll
0x00007ffa51410000 - 0x00007ffa5141a000 	C:\Windows\System32\FLTLIB.DLL
0x00007ffa18fe0000 - 0x00007ffa1917a000 	C:\Program Files\Java\jre1.8.0_231\bin\awt.dll
0x00007ffa52780000 - 0x00007ffa52842000 	C:\Windows\System32\OLEAUT32.dll
0x00007ffa4e010000 - 0x00007ffa4e09b000 	C:\Windows\SYSTEM32\apphelp.dll
0x00007ffa4e0f0000 - 0x00007ffa4e188000 	C:\Windows\system32\uxtheme.dll
0x00007ffa54db0000 - 0x00007ffa54f24000 	C:\Windows\System32\MSCTF.dll
0x00007ffa4f670000 - 0x00007ffa4f699000 	C:\Windows\system32\dwmapi.dll
0x00007ffa528f0000 - 0x00007ffa52a41000 	C:\Windows\System32\ole32.dll
0x00007ffa45610000 - 0x00007ffa4562a000 	C:\Program Files\Java\jre1.8.0_231\bin\net.dll
0x00007ffa50be0000 - 0x00007ffa50c46000 	C:\Windows\system32\mswsock.dll
0x00007ffa50970000 - 0x00007ffa50a2e000 	C:\Windows\SYSTEM32\DNSAPI.dll
0x00007ffa54a50000 - 0x00007ffa54a58000 	C:\Windows\System32\NSI.dll
0x00007ffa50930000 - 0x00007ffa50968000 	C:\Windows\SYSTEM32\IPHLPAPI.DLL
0x00007ffa48e70000 - 0x00007ffa48e7a000 	C:\Windows\System32\rasadhlp.dll
0x00007ffa468a0000 - 0x00007ffa46912000 	C:\Windows\System32\fwpuclnt.dll
0x00007ffa50ec0000 - 0x00007ffa50ee5000 	C:\Windows\SYSTEM32\bcrypt.dll
0x00007ffa50d90000 - 0x00007ffa50da7000 	C:\Windows\SYSTEM32\CRYPTSP.dll
0x00007ffa50790000 - 0x00007ffa507c3000 	C:\Windows\system32\rsaenh.dll
0x00007ffa51260000 - 0x00007ffa51288000 	C:\Windows\SYSTEM32\USERENV.dll
0x00007ffa50db0000 - 0x00007ffa50dbb000 	C:\Windows\SYSTEM32\CRYPTBASE.dll
0x00007ffa49840000 - 0x00007ffa49856000 	C:\Windows\SYSTEM32\dhcpcsvc6.DLL
0x00007ffa4a1d0000 - 0x00007ffa4a1ea000 	C:\Windows\SYSTEM32\dhcpcsvc.DLL
0x00007ffa3fff0000 - 0x00007ffa40002000 	C:\Program Files\Java\jre1.8.0_231\bin\nio.dll
0x00007ffa25d00000 - 0x00007ffa25d49000 	C:\Program Files\Java\jre1.8.0_231\bin\fontmanager.dll
0x00007ffa33670000 - 0x00007ffa33790000 	C:\Windows\system32\opengl32.dll
0x00007ffa4b150000 - 0x00007ffa4b17c000 	C:\Windows\SYSTEM32\GLU32.dll
0x00007ffa25990000 - 0x00007ffa259d2000 	C:\Program Files\Java\jre1.8.0_231\bin\t2k.dll
0x00007ffa52850000 - 0x00007ffa528f0000 	C:\Windows\System32\clbcatq.dll
0x00007ffa37190000 - 0x00007ffa3733e000 	C:\Windows\SYSTEM32\WindowsCodecs.dll
0x00007ffa32e90000 - 0x00007ffa32ee8000 	C:\Windows\system32\dataexchange.dll
0x00007ffa4d7c0000 - 0x00007ffa4d95c000 	C:\Windows\system32\dcomp.dll
0x00007ffa4c9a0000 - 0x00007ffa4ccab000 	C:\Windows\system32\d3d11.dll
0x00007ffa500f0000 - 0x00007ffa501ab000 	C:\Windows\system32\dxgi.dll
0x00007ffa4f6a0000 - 0x00007ffa4f858000 	C:\Windows\system32\twinapi.appcore.dll
0x00007ffa4f890000 - 0x00007ffa4f8b1000 	C:\Windows\system32\RMCLIENT.dll
0x00007ffa329e0000 - 0x00007ffa32a76000 	C:\Windows\System32\TextInputFramework.dll
0x00007ffa36800000 - 0x00007ffa36b1e000 	C:\Windows\System32\CoreUIComponents.dll
0x00007ffa4dcc0000 - 0x00007ffa4dd9a000 	C:\Windows\System32\CoreMessaging.dll
0x00007ffa50420000 - 0x00007ffa50451000 	C:\Windows\SYSTEM32\ntmarta.dll
0x00007ffa4bfb0000 - 0x00007ffa4c0fd000 	C:\Windows\SYSTEM32\wintypes.dll
0x00007ffa28930000 - 0x00007ffa2895a000 	C:\Program Files\Java\jre1.8.0_231\bin\dcpr.dll
0x00007ffa4c860000 - 0x00007ffa4c86d000 	C:\Program Files\Java\jre1.8.0_231\bin\management.dll
0x00007ffa48d50000 - 0x00007ffa48d5c000 	C:\Program Files\Java\jre1.8.0_231\bin\jsound.dll
0x00007ffa45ba0000 - 0x00007ffa45bab000 	C:\Program Files\Java\jre1.8.0_231\bin\jsoundds.dll
0x00007ffa33a40000 - 0x00007ffa33acf000 	C:\Windows\SYSTEM32\DSOUND.dll
0x00007ffa491e0000 - 0x00007ffa49256000 	C:\Windows\SYSTEM32\MMDevAPI.DLL
0x00007ffa4fc80000 - 0x00007ffa4fe35000 	C:\Windows\SYSTEM32\PROPSYS.dll
0x00007ffa51170000 - 0x00007ffa51197000 	C:\Windows\SYSTEM32\DEVOBJ.dll
0x00007ffa1c4c0000 - 0x00007ffa1c504000 	C:\Windows\SYSTEM32\wdmaud.drv
0x00007ffa306c0000 - 0x00007ffa306c9000 	C:\Windows\SYSTEM32\ksuser.dll
0x00007ffa4b3c0000 - 0x00007ffa4b3ca000 	C:\Windows\SYSTEM32\AVRT.dll
0x00007ffa49260000 - 0x00007ffa4938c000 	C:\Windows\SYSTEM32\AUDIOSES.DLL
0x00007ffa4aae0000 - 0x00007ffa4aaed000 	C:\Windows\SYSTEM32\msacm32.drv
0x00007ffa4a470000 - 0x00007ffa4a48c000 	C:\Windows\SYSTEM32\MSACM32.dll
0x00007ffa4aad0000 - 0x00007ffa4aada000 	C:\Windows\SYSTEM32\midimap.dll
0x00007ffa294e0000 - 0x00007ffa29567000 	C:\Program Files (x86)\TeamViewer\tv_x64.dll
0x00007ffa4f230000 - 0x00007ffa4f3f9000 	C:\Windows\SYSTEM32\dbghelp.dll

VM Arguments:
jvm_args: -Dfile.encoding=UTF-8 
java_command: prueba.RouteFinder
java_class_path (initial): D:\Uni\Inteligentes\Lab\workspace\prueba\bin;C:\robocode\libs\robocode.jar
Launcher Type: SUN_STANDARD

Environment Variables:
PATH=C:/Program Files/Java/jre1.8.0_231/bin/server;C:/Program Files/Java/jre1.8.0_231/bin;C:/Program Files/Java/jre1.8.0_231/lib/amd64;C:\Program Files (x86)\Common Files\Oracle\Java\javapath;C:\Windows\system32;C:\Windows;C:\Windows\System32\Wbem;C:\Windows\System32\WindowsPowerShell\v1.0\;C:\Windows\System32\OpenSSH\;C:\Program Files\Git\cmd;C:\Program Files (x86)\NVIDIA Corporation\PhysX\Common;C:\Program Files\NVIDIA Corporation\NVIDIA NvDLISR;C:\Users\Katsu\AppData\Local\Microsoft\WindowsApps;C:\Users\Katsu\AppData\Local\atom\bin;C:\Users\Katsu\AppData\Local\Programs\Microsoft VS Code\bin;C:\adb;C:\Users\Katsu\AppData\Local\Microsoft\WindowsApps;C:\Users\Katsu\AppData\Local\atom\bin;C:\Users\Katsu\AppData\Local\Programs\Microsoft VS Code\bin;C:\Windows\System32;
USERNAME=Katsu
OS=Windows_NT
PROCESSOR_IDENTIFIER=Intel64 Family 6 Model 78 Stepping 3, GenuineIntel



---------------  S Y S T E M  ---------------

OS: Windows 10.0 , 64 bit Build 17134 (10.0.17134.753)

CPU:total 4 (initial active 4) (2 cores per cpu, 2 threads per core) family 6 model 78 stepping 3, cmov, cx8, fxsr, mmx, sse, sse2, sse3, ssse3, sse4.1, sse4.2, popcnt, avx, avx2, aes, clmul, erms, 3dnowpref, lzcnt, ht, tsc, tscinvbit, bmi1, bmi2, adx

Memory: 4k page, physical 8246380k(3007448k free), swap 12702828k(3927960k free)

vm_info: Java HotSpot(TM) 64-Bit Server VM (25.231-b11) for windows-amd64 JRE (1.8.0_231-b11), built on Oct  5 2019 03:11:30 by "java_re" with MS VC++ 10.0 (VS2010)

time: Wed Mar 04 15:39:05 2020
timezone: Hora estándar romance
elapsed time: 14154 seconds (0d 3h 55m 54s)

